<?xml version="1.0" encoding="UTF-8"?>
<testsuite xmlns:xsi="http://www.w3.org/2001/XMLSchema-instance" xsi:noNamespaceSchemaLocation="https://maven.apache.org/surefire/maven-surefire-plugin/xsd/surefire-test-report.xsd" name="web.BetTests" time="251.801" tests="2" errors="2" skipped="0" failures="0">
  <properties>
[...]
</properties>
  <testcase name="testPopularFootballBets" classname="web.BetTests" time="9.574">
    <error message="unknown error: Element &lt;li class=&quot;popular-bets &quot;&gt;...&lt;/li&gt; is not clickable at point (479, 94). Other element would receive the click: &lt;div class=&quot;modal-body&quot;&gt;...&lt;/div&gt;&#10;  (Session info: chrome=85.0.4183.83)&#10;  (Driver info: chromedriver=2.42.591059 (a3d9684d10d61aa0c45f6723b327283be1ebaad8),platform=Mac OS X 10.15.6 x86_64) (WARNING: The server did not provide any stacktrace information)&#10;Command duration or timeout: 0 milliseconds&#10;Build info: version: &apos;3.13.0&apos;, revision: &apos;2f0d292&apos;, time: &apos;2018-06-25T15:24:21.231Z&apos;&#10;System info: host: &apos;users-MacBook-Pro.local&apos;, ip: &apos;fd78:6a89:24d:fa00:d07c:5f12:7faf:25c7%en0&apos;, os.name: &apos;Mac OS X&apos;, os.arch: &apos;x86_64&apos;, os.version: &apos;10.15.6&apos;, java.version: &apos;11.0.8&apos;&#10;Driver info: org.openqa.selenium.chrome.ChromeDriver&#10;Capabilities {acceptInsecureCerts: false, acceptSslCerts: false, applicationCacheEnabled: false, browserConnectionEnabled: false, browserName: chrome, chrome: {chromedriverVersion: 2.42.591059 (a3d9684d10d61a..., userDataDir: /var/folders/pb/6bzqc05n0xq...}, cssSelectorsEnabled: true, databaseEnabled: false, goog:chromeOptions: {debuggerAddress: localhost:58201}, handlesAlerts: true, hasTouchScreen: false, javascriptEnabled: true, locationContextEnabled: true, mobileEmulationEnabled: false, nativeEvents: true, networkConnectionEnabled: false, pageLoadStrategy: normal, platform: MAC, platformName: MAC, rotatable: false, setWindowRect: true, takesHeapSnapshot: true, takesScreenshot: true, unexpectedAlertBehaviour: , unhandledPromptBehavior: , version: 85.0.4183.83, webStorageEnabled: true}&#10;Session ID: 9e8871f6113b47828510af2874d31de5" type="java.lang.Exception"><![CDATA[java.lang.Exception: 
unknown error: Element <li class="popular-bets ">...</li> is not clickable at point (479, 94). Other element would receive the click: <div class="modal-body">...</div>
  (Session info: chrome=85.0.4183.83)
  (Driver info: chromedriver=2.42.591059 (a3d9684d10d61aa0c45f6723b327283be1ebaad8),platform=Mac OS X 10.15.6 x86_64) (WARNING: The server did not provide any stacktrace information)
Command duration or timeout: 0 milliseconds
Build info: version: '3.13.0', revision: '2f0d292', time: '2018-06-25T15:24:21.231Z'
System info: host: 'users-MacBook-Pro.local', ip: 'fd78:6a89:24d:fa00:d07c:5f12:7faf:25c7%en0', os.name: 'Mac OS X', os.arch: 'x86_64', os.version: '10.15.6', java.version: '11.0.8'
Driver info: org.openqa.selenium.chrome.ChromeDriver
Capabilities {acceptInsecureCerts: false, acceptSslCerts: false, applicationCacheEnabled: false, browserConnectionEnabled: false, browserName: chrome, chrome: {chromedriverVersion: 2.42.591059 (a3d9684d10d61a..., userDataDir: /var/folders/pb/6bzqc05n0xq...}, cssSelectorsEnabled: true, databaseEnabled: false, goog:chromeOptions: {debuggerAddress: localhost:58201}, handlesAlerts: true, hasTouchScreen: false, javascriptEnabled: true, locationContextEnabled: true, mobileEmulationEnabled: false, nativeEvents: true, networkConnectionEnabled: false, pageLoadStrategy: normal, platform: MAC, platformName: MAC, rotatable: false, setWindowRect: true, takesHeapSnapshot: true, takesScreenshot: true, unexpectedAlertBehaviour: , unhandledPromptBehavior: , version: 85.0.4183.83, webStorageEnabled: true}
Session ID: 9e8871f6113b47828510af2874d31de5
	at web.BetTests.testPopularFootballBets(BetTests.java:52)
]]></error>
    <system-err><![CDATA[Starting ChromeDriver 2.42.591059 (a3d9684d10d61aa0c45f6723b327283be1ebaad8) on port 8328
Only local connections are allowed.
Sep 04, 2020 11:48:06 PM org.openqa.selenium.remote.ProtocolHandshake createSession
INFO: Detected dialect: OSS
]]></system-err>
  </testcase>
  <testcase name="testOtherScenario" classname="web.BetTests" time="94.796">
    <error message="Expected condition failed: waiting for visibility of [[ChromeDriver: chrome on MAC (4ea923e19e9062de1177bf447eda2a8e)] -&gt; xpath: //a[@tracking-label = &apos;Header-Hesabım-Kuponlarim&apos;]] (tried for 30 second(s) with 500 milliseconds interval)&#10;Build info: version: &apos;3.13.0&apos;, revision: &apos;2f0d292&apos;, time: &apos;2018-06-25T15:24:21.231Z&apos;&#10;System info: host: &apos;users-MacBook-Pro.local&apos;, ip: &apos;fd78:6a89:24d:fa00:d07c:5f12:7faf:25c7%en0&apos;, os.name: &apos;Mac OS X&apos;, os.arch: &apos;x86_64&apos;, os.version: &apos;10.15.6&apos;, java.version: &apos;11.0.8&apos;&#10;Driver info: org.openqa.selenium.chrome.ChromeDriver&#10;Capabilities {acceptInsecureCerts: false, acceptSslCerts: false, applicationCacheEnabled: false, browserConnectionEnabled: false, browserName: chrome, chrome: {chromedriverVersion: 2.42.591059 (a3d9684d10d61a..., userDataDir: /var/folders/pb/6bzqc05n0xq...}, cssSelectorsEnabled: true, databaseEnabled: false, goog:chromeOptions: {debuggerAddress: localhost:58388}, handlesAlerts: true, hasTouchScreen: false, javascriptEnabled: true, locationContextEnabled: true, mobileEmulationEnabled: false, nativeEvents: true, networkConnectionEnabled: false, pageLoadStrategy: normal, platform: MAC, platformName: MAC, rotatable: false, setWindowRect: true, takesHeapSnapshot: true, takesScreenshot: true, unexpectedAlertBehaviour: , unhandledPromptBehavior: , version: 85.0.4183.83, webStorageEnabled: true}&#10;Session ID: 4ea923e19e9062de1177bf447eda2a8e" type="java.lang.Exception">java.lang.Exception: 
Expected condition failed: waiting for visibility of [[ChromeDriver: chrome on MAC (4ea923e19e9062de1177bf447eda2a8e)] -> xpath: //a[@tracking-label = 'Header-Hesabım-Kuponlarim']] (tried for 30 second(s) with 500 milliseconds interval)
Build info: version: '3.13.0', revision: '2f0d292', time: '2018-06-25T15:24:21.231Z'
System info: host: 'users-MacBook-Pro.local', ip: 'fd78:6a89:24d:fa00:d07c:5f12:7faf:25c7%en0', os.name: 'Mac OS X', os.arch: 'x86_64', os.version: '10.15.6', java.version: '11.0.8'
Driver info: org.openqa.selenium.chrome.ChromeDriver
Capabilities {acceptInsecureCerts: false, acceptSslCerts: false, applicationCacheEnabled: false, browserConnectionEnabled: false, browserName: chrome, chrome: {chromedriverVersion: 2.42.591059 (a3d9684d10d61a..., userDataDir: /var/folders/pb/6bzqc05n0xq...}, cssSelectorsEnabled: true, databaseEnabled: false, goog:chromeOptions: {debuggerAddress: localhost:58388}, handlesAlerts: true, hasTouchScreen: false, javascriptEnabled: true, locationContextEnabled: true, mobileEmulationEnabled: false, nativeEvents: true, networkConnectionEnabled: false, pageLoadStrategy: normal, platform: MAC, platformName: MAC, rotatable: false, setWindowRect: true, takesHeapSnapshot: true, takesScreenshot: true, unexpectedAlertBehaviour: , unhandledPromptBehavior: , version: 85.0.4183.83, webStorageEnabled: true}
Session ID: 4ea923e19e9062de1177bf447eda2a8e
	at web.BetTests.testOtherScenario(BetTests.java:90)
</error>
  </testcase>
</testsuite>